(NETLIST)
(CREATED BY PCBDL)
(Fri Sep 04 01:48:49 2020)

$PACKAGES
'TE_1981568-1' ! '1981568-1' ; CN1
'SOP50P170X60-5N' ! 'TPD2E001DRLR' ; D1
'SON65P100X100X40-5T48X48N' ! 'MIC5504-3.3YMT' ; U3
'CAPC1005X71L' ! 'CY2.2u' ; C9
'CAPC1608X80L' ! 'CY10u' ; C10
'CAPC0603X33L' ! 'CY100n' ; C12 C22 C2 C5 C6 C8 C25 C20 C33 C29 C109 C108 C111 C110 C11 C3 C107 C106 C120 C119 C14 C76 C77 C91 C90
'CAPC0603X33L' ! 'CY1000p' ; C15
'SON50P150X150X80-6L' ! 'TLV70018DSER' ; U7
'SOT95P247X115-3L' ! '240-800MV' ; D2
'CAPC0603X33L' ! 'CY1u' ; C19
'QFN05P_7-1X7-1_0-6_49N' ! 'STM32F072CBU6TR' ; U6
'CAPC1005X71L' ! 'CY4.7u' ; C1 C13
'INDC1005L' ! 'FERRITE_BEAD-185-00019-00' ; FB1
'CAPC1005X71L' ! 'CY1u' ; C4
'CAPC0603X33L' ! 'CY100p' ; C7
'HRS_FH34SRJ-8S-0-5SH' ! 'FH34SRJ-8S-0.5SH(50)' ; CN2
'DFN100X60X35-3L' ! 'CSD13381F4' ; Q4
'RESC0603X23L' ! 'R51.1k' ; R22 R23
'AXK850145WG' ! 'AXK850145WG' ; J3
'QFN50P400X400X080-25N' ! 'TCA6416ARTWR' ; U9
'RESC0603X23L' ! 'R4.7k' ; R502 R501 R48 R95 R96 R61 R60
'SOP50P170X60-6N' ! 'SN74AVC1T45DRLR' ; U14
'TP075' ! 'TP' ; TP1 TP2
'RESC0603X23L' ! 'R0' ; R46
'SAMTEC_FTSH-105-01-L-DV-K' ! 'HDR_2X5_50MIL-210-00939-00-SAMTEC_FTSH-105-01' ; J4
'QFN40P265X185X55-16N' ! 'SN74AVC4T774RSVR' ; U56 U55 U57 U59
'SOT65P210X110-6L' ! '313-00929-00' ; U1
'BGA5C50P3X2_141X91X50L' ! 'SN74LVC1G126YZPR' ; U10
'BGA4C40P2X2_80X80X56' ! 'ADP194ACBZ-R7' ; U43 U42 U23 U24
'BGA10C50P4X3_186X136X50L' ! 'TS3A24159' ; U5
'QFN40P145X185X55-10N' ! 'SN74AVC2T245RSWR' ; U45 U4

$NETS
VBUS_IN ; CN1.1 D1.1 U3.4 C9.1 U3.3 R22.2 R23.2
GND ; CN1.5 CN1.G1 CN1.G2 CN1.G3 CN1.G4 D1.4 C9.2 U3.2 U3.G1 C10.2 ,
C12.2 C15.2 C22.2 U7.2 C19.2 C2.2 C5.2 C1.2 C4.2 C7.2 ,
C6.2 C13.2 U6.23 U6.35 U6.47 U6.8 U6.49 CN2.1 CN2.G1 CN2.G2 ,
C8.2 Q4.S J3.1 J3.8 J3.15 J3.20 J3.31 J3.36 J3.42 C25.2 ,
U9.9 U9.25 U9.18 C20.2 U14.2 C33.2 R48.2 C29.2 J4.3 J4.5 ,
C109.2 C108.2 U56.8 C111.2 C110.2 U55.8 C11.2 U1.2 C3.2 U10.C1 ,
U55.15 U55.16 U55.5 U43.B2 R95.2 U42.B2 R96.2 C107.2 C106.2 U57.8 ,
U57.15 U23.B2 R61.2 U24.B2 R60.2 C120.2 C119.2 U59.8 U59.15 C14.2 ,
U5.A2 C76.2 C77.2 U45.3 U45.1 C91.2 C90.2 U4.3 U4.1
USB_DP ; CN1.3 D1.3 U6.33
USB_DM ; CN1.2 D1.5 D1.2 U6.32
PP3300 ; U3.1 C10.1 C12.1 C15.1 D2.1 D2.2 U6.1 C2.1 U6.24 U6.48 ,
C5.1 C1.1 FB1.2 U6.36 C6.1 C13.1 J3.35 U9.23 C25.1 R502.2 ,
R501.2 U56.14 C109.1 U55.14 C111.1 U1.5 C11.1 U10.A2 C3.1 U56.1 ,
U56.15 U55.6 U42.A1 U57.14 C107.1 U57.16 U57.5 U57.6 U24.A1 U59.14 ,
C120.1 U59.16 U59.5 U59.6 U5.D2 C14.1 U45.7 C76.1 U45.10 U4.7 ,
C91.1 U4.10
PP1800 ; U7.3 C19.1 U9.21 C20.1 U43.A1 U23.A1
PP1800_VIN ; D2.3 U7.1 C22.1 U7.6
PP3300_PD_VDDA ; U6.9 FB1.1 C4.1 C7.1
PD_NRST_L ; U6.7 CN2.6 C8.1
PD_BOOT0 ; Q4.D R23.1 U6.44 CN2.8
USB_ID ; Q4.G R22.1 CN1.4
EC_UART_TX ; U6.30 CN2.2
EC_UART_RX ; U6.31 CN2.3
PPDUT_SPI1_VREF ; J3.13 U43.A2 U42.A2 U57.13 C106.1
PPDUT_SPI2_VREF ; U14.6 C29.1 J3.6 U23.A2 U24.A2 U59.13 C119.1
JTAG_BUFFER_TO_SERVO_TDO ; U6.11 U10.C2 U5.A1
SERVO_JTAG_TCK ; U6.10 U55.4 U5.A3
I2C_REMOTE_ADC_SDA ; R502.1 U6.46 U9.20 J3.37
I2C_REMOTE_ADC_SCL ; R501.1 U6.45 U9.19 J3.38
RESET_L ; U9.24 U6.2
DUT_MFG_MODE ; J3.40 U9.3 U9.11 R46.2
FW_WP_EN ; U14.1 U9.1 C33.1 R48.1 U14.5
FTDI_MFG_MODE ; U9.2 U14.3
ANON_NET_U9_P03 ; U9.4 TP1.1
SPI_HOLD_L ; U9.5 J3.7
DUT_COLD_RESET_L ; U9.6 J3.14
DUT_PWR_BUTTON ; U9.7 J3.22
DUT_GOOG_REC_MODE_L ; U9.10 J3.30
HPD ; U9.12 J3.39
FW_UP_L ; U9.13 J3.41
DUT_LID_OPEN ; U9.14 J3.44
DUT_DEV_MODE ; U9.15 J3.43
PCH_DISABLE_L ; U9.16 J3.45
ANON_NET_U9_P17 ; U9.17 TP2.1
DUT_MFG_MODE_BUF ; R46.1 U14.4
DUT_WARM_RESET_L ; U9.8 J3.28 J4.10
PPDUT_JTAG_VREF ; J3.29 J4.1 U56.13 C108.1 U55.13 C110.1
SERVO_JTAG_TDO_SEL ; U6.4 U1.6
SERVO_JTAG_TDO_BUFFER_EN ; U6.16 U10.A1
SERVO_JTAG_MUX_TDO ; U1.4 U10.B1
JTAG_BUFOUT_EN_L ; U6.5 U56.7
JTAG_BUFIN_EN_L ; U6.6 U55.7
SERVO_JTAG_TRST_L ; U6.34 U56.2
SERVO_JTAG_TMS ; U6.14 U56.3
SERVO_JTAG_TDI ; U6.17 U56.4
SERVO_JTAG_TRST_DIR ; U6.42 U56.16
SERVO_JTAG_TMS_DIR ; U6.3 U56.5
SERVO_JTAG_TDI_DIR ; U6.43 U56.6
DUT_JTAG_TRST_L ; J3.27 U56.11
DUT_JTAG_TMS ; J3.23 U56.10 J4.2
DUT_JTAG_TDI ; J3.24 U56.9 U55.10 J4.8
DUT_JTAG_TDO ; J3.25 U55.12 J4.6
DUT_JTAG_RTCK ; J3.26 U55.11
DUT_JTAG_TCK ; J3.21 U55.9 J4.4
SERVO_JTAG_TDO ; U55.1 U1.3
SERVO_JTAG_RTCK ; U6.19 U55.2
SERVO_JTAG_SWDIO ; U55.3 U1.1
SERVO_SPI_MOSI ; U6.28 U57.2 U59.2
SERVO_SPI_CS ; U6.25 U57.3 U59.3
SPI1_VREF_18 ; U6.39 U43.B1 R95.1
SPI1_VREF_33 ; U6.20 U42.B1 R96.1
SPI1_BUF_EN_L ; U6.37 U57.7
DUT_SPI1_MISO ; J3.12 U57.12
DUT_SPI1_MOSI ; J3.11 U57.11
DUT_SPI1_CS ; J3.10 U57.10
DUT_SPI1_CLK ; J3.9 U57.9
SPI2_VREF_18 ; U6.41 U23.B1 R61.1
SPI2_VREF_33 ; U6.40 U24.B1 R60.1
SPI2_BUF_EN_L ; U6.38 U59.7
DUT_SPI2_MISO ; J3.5 U59.12
DUT_SPI2_MOSI ; J3.4 U59.11
DUT_SPI2_CS ; J3.3 U59.10
DUT_SPI2_CLK ; J3.2 U59.9
SPI1_MUX_SEL ; U6.15 U5.B1 U5.B3
SPI_MUX_TODUT_SPI1_MISO ; U5.C1 U57.1
SPI_MUX_TO_DUT_SPI1_CLK ; U5.C3 U57.4
SERVO_TO_SPI1_MUX_MISO ; U5.D1 U59.1 U6.27
SERVO_TO_SPI1_MUX_CLK ; U5.D3 U59.4 U6.26
PPDUT_UART1_VREF ; J3.34 U45.6 C77.1
UART1_EN_L ; U6.29 U45.2
UART1_TX ; U6.12 U45.8
UART1_SERVO_DUT_TX ; J3.32 U45.5
UART1_DUT_SERVO_TX ; J3.33 U45.4
UART1_RX ; U6.13 U45.9
PPDUT_UART2_VREF ; J3.18 U4.6 C90.1
UART2_EN_L ; U6.18 U4.2
UART2_TX ; U6.21 U4.8
UART2_SERVO_DUT_TX ; J3.16 U4.5
UART2_DUT_SERVO_TX ; J3.17 U4.4
UART2_RX ; U6.22 U4.9
$END